<?xml version="1.0" encoding="UTF-8"?>
<testsuite xmlns:xsi="http://www.w3.org/2001/XMLSchema-instance" xsi:noNamespaceSchemaLocation="https://maven.apache.org/surefire/maven-surefire-plugin/xsd/surefire-test-report.xsd" name="org.piotrus.SortOneArgumentCaseTest" time="0.001" tests="5" errors="0" skipped="0" failures="0">
  <properties>
[...]
</properties>
  <testcase name="testOneArgumentCase[0]" classname="org.piotrus.SortOneArgumentCaseTest" time="0"/>
  <testcase name="testOneArgumentCase[1]" classname="org.piotrus.SortOneArgumentCaseTest" time="0"/>
  <testcase name="testOneArgumentCase[2]" classname="org.piotrus.SortOneArgumentCaseTest" time="0"/>
  <testcase name="testOneArgumentCase[3]" classname="org.piotrus.SortOneArgumentCaseTest" time="0"/>
  <testcase name="testOneArgumentCase[4]" classname="org.piotrus.SortOneArgumentCaseTest" time="0"/>
</testsuite>